Using pre-set license
Built from '2020.3/staging' branch; Version is '2020.3.13f1 (71691879b7f5) revision 7432472'; Using compiler version '192528614'; Build Type 'Release'
OS: 'Windows 10 Pro; OS build 19044.1645; Version 2009; 64bit' Language: 'en' Physical Memory: 15774 MB
BatchMode: 1, IsHumanControllingUs: 0, StartBugReporterOnCrash: 0, Is64bit: 1, IsPro: 0

 COMMAND LINE ARGUMENTS:
C:\Program Files\Unity\Hub\Editor\2020.3.13f1\Editor\Unity.exe
-adb2
-batchMode
-noUpm
-name
AssetImportWorker0
-projectPath
C:/Users/daxte/Desktop/To-The-Horizon/To-The-Horizon/To The Horizon
-logFile
Logs/AssetImportWorker0.log
-srvPort
58984
Successfully changed project path to: C:/Users/daxte/Desktop/To-The-Horizon/To-The-Horizon/To The Horizon
C:/Users/daxte/Desktop/To-The-Horizon/To-The-Horizon/To The Horizon
Using Asset Import Pipeline V2.
Refreshing native plugins compatible for Editor in 62.07 ms, found 4 plugins.
Preloading 0 native plugins for Editor in 0.00 ms.
Initialize engine version: 2020.3.13f1 (71691879b7f5)
[Subsystems] Discovering subsystems at path C:/Program Files/Unity/Hub/Editor/2020.3.13f1/Editor/Data/Resources/UnitySubsystems
[Subsystems] Discovering subsystems at path C:/Users/daxte/Desktop/To-The-Horizon/To-The-Horizon/To The Horizon/Assets
GfxDevice: creating device client; threaded=0
Direct3D:
    Version:  Direct3D 11.0 [level 11.1]
    Renderer: NVIDIA GeForce RTX 3080 Laptop GPU (ID=0x249c)
    Vendor:   
    VRAM:     8042 MB
    Driver:   30.0.15.1179
Shader 'Universal Render Pipeline/Particles/Lit': fallback shader 'Universal Render Pipeline/Particles/SimpleLit' not found
Initialize mono
Mono path[0] = 'C:/Program Files/Unity/Hub/Editor/2020.3.13f1/Editor/Data/Managed'
Mono path[1] = 'C:/Program Files/Unity/Hub/Editor/2020.3.13f1/Editor/Data/MonoBleedingEdge/lib/mono/unityjit'
Mono config path = 'C:/Program Files/Unity/Hub/Editor/2020.3.13f1/Editor/Data/MonoBleedingEdge/etc'
Using monoOptions --debugger-agent=transport=dt_socket,embedding=1,server=y,suspend=n,address=127.0.0.1:56748
Begin MonoManager ReloadAssembly
Registering precompiled unity dll's ...
Register platform support module: C:/Program Files/Unity/Hub/Editor/2020.3.13f1/Editor/Data/PlaybackEngines/WindowsStandaloneSupport/UnityEditor.WindowsStandalone.Extensions.dll
Registered in 0.001811 seconds.
Native extension for WindowsStandalone target not found
Refreshing native plugins compatible for Editor in 46.74 ms, found 4 plugins.
Preloading 0 native plugins for Editor in 0.00 ms.
Mono: successfully reloaded assembly
- Completed reload, in  0.927 seconds
Platform modules already initialized, skipping
Registering precompiled user dll's ...
Registered in 0.007057 seconds.
Begin MonoManager ReloadAssembly
Native extension for WindowsStandalone target not found
Refreshing native plugins compatible for Editor in 47.63 ms, found 4 plugins.
Preloading 0 native plugins for Editor in 0.00 ms.
Mono: successfully reloaded assembly
- Completed reload, in  0.944 seconds
Platform modules already initialized, skipping
========================================================================
Worker process is ready to serve import requests
Shader 'Universal Render Pipeline/Particles/Lit': fallback shader 'Universal Render Pipeline/Particles/SimpleLit' not found
Launched and connected shader compiler UnityShaderCompiler.exe after 0.04 seconds
Refreshing native plugins compatible for Editor in 1.83 ms, found 4 plugins.
Preloading 0 native plugins for Editor in 0.00 ms.
Unloading 2769 Unused Serialized files (Serialized files now loaded: 0)
System memory in use before: 121.8 MB.
System memory in use after: 122.0 MB.

Unloading 75 unused Assets to reduce memory usage. Loaded Objects now: 3147.
Total: 2.676500 ms (FindLiveObjects: 0.303800 ms CreateObjectMapping: 0.156300 ms MarkObjects: 2.118400 ms  DeleteObjects: 0.097100 ms)

AssetImportParameters requested are different than current active one (requested -> active):
  custom:framework-win-MediaFoundation: 216162199b28c13a410421893ffa2e32 -> 
  custom:video-decoder-ogg-theora: a1e56fd34408186e4bbccfd4996cb3dc -> 
  custom:container-muxer-webm: aa71ff27fc2769a1b78a27578f13a17b -> 
  custom:container-demuxer-webm: 4f35f7cbe854078d1ac9338744f61a02 -> 
  custom:container-demuxer-ogg: 62fdf1f143b41e24485cea50d1cbac27 -> 
  custom:video-encoder-webm-vp8: eb34c28f22e8b96e1ab97ce403110664 -> 
  custom:video-decoder-webm-vp8: 9c59270c3fd7afecdb556c50c9e8de78 -> 
  custom:audio-decoder-ogg-vorbis: bf7c407c2cedff20999df2af8eb42d56 -> 
  custom:audio-encoder-webm-vorbis: bf7c407c2cedff20999df2af8eb42d56 -> 
========================================================================
Received Import Request.
  path: Assets/Cube
  artifactKey: Guid(dd1901bbaf46f054fb7cbf26a6303949) Importer(815301076,1909f56bfc062723c751e8b465ee728b)
Start importing Assets/Cube using Guid(dd1901bbaf46f054fb7cbf26a6303949) Importer(815301076,1909f56bfc062723c751e8b465ee728b)  -> (artifact id: 'fadb4c1a322b4c157193cbfb61493569') in 0.010485 seconds 
  Import took 0.014587 seconds .

========================================================================
Received Import Request.
  Time since last request: 9.324897 seconds.
  path: Assets/Shader Graphs
  artifactKey: Guid(700474eaed3dcd5499bc5bff652372fc) Importer(815301076,1909f56bfc062723c751e8b465ee728b)
Start importing Assets/Shader Graphs using Guid(700474eaed3dcd5499bc5bff652372fc) Importer(815301076,1909f56bfc062723c751e8b465ee728b)  -> (artifact id: 'a79996ce941620a4b38d0107474f2adf') in 0.010279 seconds 
  Import took 0.014636 seconds .

========================================================================
Received Import Request.
  Time since last request: 0.075135 seconds.
  path: Assets/Shader Graphs/Skybox.mat
  artifactKey: Guid(3b1495ffb60d5594c897f2133cb2ebb1) Importer(815301076,1909f56bfc062723c751e8b465ee728b)
Start importing Assets/Shader Graphs/Skybox.mat using Guid(3b1495ffb60d5594c897f2133cb2ebb1) Importer(815301076,1909f56bfc062723c751e8b465ee728b)  -> (artifact id: '943687a3d8aa3b5dd7d77a39c03d4852') in 0.216349 seconds 
  Import took 0.220656 seconds .

========================================================================
Received Import Request.
  Time since last request: 0.000185 seconds.
  path: Assets/Shader Graphs/Sun2.mat
  artifactKey: Guid(a9674a8f6a03ed444a4c64a59d6e9e06) Importer(815301076,1909f56bfc062723c751e8b465ee728b)
Start importing Assets/Shader Graphs/Sun2.mat using Guid(a9674a8f6a03ed444a4c64a59d6e9e06) Importer(815301076,1909f56bfc062723c751e8b465ee728b)  -> (artifact id: 'cf3183d906737a72504d0ccc65000dc9') in 0.127284 seconds 
  Import took 0.131320 seconds .

========================================================================
Received Import Request.
  Time since last request: 0.000159 seconds.
  path: Assets/Shader Graphs/Skybox4.mat
  artifactKey: Guid(611503ca3eb133343b067cf4fc728012) Importer(815301076,1909f56bfc062723c751e8b465ee728b)
Start importing Assets/Shader Graphs/Skybox4.mat using Guid(611503ca3eb133343b067cf4fc728012) Importer(815301076,1909f56bfc062723c751e8b465ee728b)  -> (artifact id: '29d1ce25420c4a9b86593d3ebca68bc6') in 0.013457 seconds 
  Import took 0.018101 seconds .

========================================================================
Received Import Request.
  Time since last request: 0.000161 seconds.
  path: Assets/Shader Graphs/Skybox3.mat
  artifactKey: Guid(103952fce8513284f93b3912e0c86fe7) Importer(815301076,1909f56bfc062723c751e8b465ee728b)
Start importing Assets/Shader Graphs/Skybox3.mat using Guid(103952fce8513284f93b3912e0c86fe7) Importer(815301076,1909f56bfc062723c751e8b465ee728b)  -> (artifact id: '801c3d4792c3bce131a4230f80ff88a7') in 0.013763 seconds 
  Import took 0.018154 seconds .

========================================================================
Received Import Request.
  Time since last request: 0.000178 seconds.
  path: Assets/Shader Graphs/Sun.mat
  artifactKey: Guid(eef7ce107dd77f4499329693c594d8a7) Importer(815301076,1909f56bfc062723c751e8b465ee728b)
Start importing Assets/Shader Graphs/Sun.mat using Guid(eef7ce107dd77f4499329693c594d8a7) Importer(815301076,1909f56bfc062723c751e8b465ee728b)  -> (artifact id: 'c45289c3bb11bb3df99bb9b80e1f58be') in 0.012816 seconds 
  Import took 0.017964 seconds .

========================================================================
Received Import Request.
  Time since last request: 0.000250 seconds.
  path: Assets/Shader Graphs/Skybox2.mat
  artifactKey: Guid(9b1c39a2182db1049b3e22303d15ab80) Importer(815301076,1909f56bfc062723c751e8b465ee728b)
Start importing Assets/Shader Graphs/Skybox2.mat using Guid(9b1c39a2182db1049b3e22303d15ab80) Importer(815301076,1909f56bfc062723c751e8b465ee728b)  -> (artifact id: '6eefa42db836104b6cc25d6ecd50e710') in 0.013498 seconds 
  Import took 0.018266 seconds .

========================================================================
Received Import Request.
  Time since last request: 3.646869 seconds.
  path: Assets/Shader Graphs/subgraphs
  artifactKey: Guid(e7c6734b95ad3464faaf0652f28cfb1b) Importer(815301076,1909f56bfc062723c751e8b465ee728b)
Start importing Assets/Shader Graphs/subgraphs using Guid(e7c6734b95ad3464faaf0652f28cfb1b) Importer(815301076,1909f56bfc062723c751e8b465ee728b)  -> (artifact id: '66ad5bea8677689ba5560c3a9305fefe') in 0.010507 seconds 
  Import took 0.014535 seconds .

========================================================================
Received Import Request.
  Time since last request: 2.279051 seconds.
  path: Assets/URP
  artifactKey: Guid(173f06f01c19c014bab2315c3cc28603) Importer(815301076,1909f56bfc062723c751e8b465ee728b)
Start importing Assets/URP using Guid(173f06f01c19c014bab2315c3cc28603) Importer(815301076,1909f56bfc062723c751e8b465ee728b)  -> (artifact id: 'cfb7e60681a46c8d180e508de0f9f2c5') in 0.010173 seconds 
  Import took 0.014857 seconds .

========================================================================
Received Import Request.
  Time since last request: 0.073295 seconds.
  path: Assets/URP/UniversalRenderPipelineAsset.asset
  artifactKey: Guid(e9a330c10f9f44f49baaa16116dd969a) Importer(815301076,1909f56bfc062723c751e8b465ee728b)
Start importing Assets/URP/UniversalRenderPipelineAsset.asset using Guid(e9a330c10f9f44f49baaa16116dd969a) Importer(815301076,1909f56bfc062723c751e8b465ee728b)  -> (artifact id: '7fb5522f8a45ff89a01ec2fac8dab235') in 0.028217 seconds 
  Import took 0.032947 seconds .

========================================================================
Received Import Request.
  Time since last request: 0.000159 seconds.
  path: Assets/URP/UniversalRenderPipelineAsset_Renderer.asset
  artifactKey: Guid(e541750f92dd22b48a402ca6537ab6e8) Importer(815301076,1909f56bfc062723c751e8b465ee728b)
Start importing Assets/URP/UniversalRenderPipelineAsset_Renderer.asset using Guid(e541750f92dd22b48a402ca6537ab6e8) Importer(815301076,1909f56bfc062723c751e8b465ee728b)  -> (artifact id: '92000b5cc5546d1756a074f33c04a0ce') in 0.020775 seconds 
  Import took 0.026074 seconds .

========================================================================
Received Prepare
Switching render pipeline 00000000000000000000000000000000 -> e9a330c10f9f44f49baaa16116dd969a
Shader 'Universal Render Pipeline/Particles/Lit': fallback shader 'Universal Render Pipeline/Particles/SimpleLit' not found
Refreshing native plugins compatible for Editor in 19.60 ms, found 4 plugins.
Preloading 0 native plugins for Editor in 0.00 ms.
Unloading 118 Unused Serialized files (Serialized files now loaded: 0)
System memory in use before: 72.8 MB.
System memory in use after: 73.0 MB.

Unloading 68 unused Assets to reduce memory usage. Loaded Objects now: 3237.
Total: 3.346900 ms (FindLiveObjects: 0.306800 ms CreateObjectMapping: 0.132400 ms MarkObjects: 2.832700 ms  DeleteObjects: 0.074300 ms)

AssetImportParameters requested are different than current active one (requested -> active):
  custom:framework-win-MediaFoundation: 216162199b28c13a410421893ffa2e32 -> 
  custom:video-decoder-ogg-theora: a1e56fd34408186e4bbccfd4996cb3dc -> 
  custom:container-muxer-webm: aa71ff27fc2769a1b78a27578f13a17b -> 
  custom:container-demuxer-webm: 4f35f7cbe854078d1ac9338744f61a02 -> 
  custom:container-demuxer-ogg: 62fdf1f143b41e24485cea50d1cbac27 -> 
  custom:video-encoder-webm-vp8: eb34c28f22e8b96e1ab97ce403110664 -> 
  custom:video-decoder-webm-vp8: 9c59270c3fd7afecdb556c50c9e8de78 -> 
  custom:audio-decoder-ogg-vorbis: bf7c407c2cedff20999df2af8eb42d56 -> 
  custom:audio-encoder-webm-vorbis: bf7c407c2cedff20999df2af8eb42d56 -> 
========================================================================
Received Import Request.
  Time since last request: 85.388270 seconds.
  path: Assets/Fog
  artifactKey: Guid(a3aaec2088b3383438a79d3bb80a0f92) Importer(815301076,1909f56bfc062723c751e8b465ee728b)
Start importing Assets/Fog using Guid(a3aaec2088b3383438a79d3bb80a0f92) Importer(815301076,1909f56bfc062723c751e8b465ee728b)  -> (artifact id: 'a983e56055b3a327239923bcc2918916') in 0.006413 seconds 
  Import took 0.011953 seconds .

========================================================================
Received Import Request.
  Time since last request: 0.074183 seconds.
  path: Assets/Fog/cloudplane.blend
  artifactKey: Guid(7f1a449b64bcba84daea93993cf94a2d) Importer(815301076,1909f56bfc062723c751e8b465ee728b)
Start importing Assets/Fog/cloudplane.blend using Guid(7f1a449b64bcba84daea93993cf94a2d) Importer(815301076,1909f56bfc062723c751e8b465ee728b)  -> (artifact id: 'ced474c1989e3d777c790577d73221c4') in 0.477087 seconds 
  Import took 0.482459 seconds .

========================================================================
Received Import Request.
  Time since last request: 0.000235 seconds.
  path: Assets/Fog/fogmat.mat
  artifactKey: Guid(2f54c6adcab3cb8408a323fbb7984604) Importer(815301076,1909f56bfc062723c751e8b465ee728b)
Start importing Assets/Fog/fogmat.mat using Guid(2f54c6adcab3cb8408a323fbb7984604) Importer(815301076,1909f56bfc062723c751e8b465ee728b)  -> (artifact id: 'ef2a5cb3840a2c44caf63e5dcb06e057') in 0.681300 seconds 
  Import took 0.685544 seconds .

========================================================================
Received Import Request.
  Time since last request: 49.201186 seconds.
  path: Assets/Fog/fogshader.shadergraph
  artifactKey: Guid(2a34bbb04feb54649bb3cef95ca11c50) Importer(815301076,1909f56bfc062723c751e8b465ee728b)
Start importing Assets/Fog/fogshader.shadergraph using Guid(2a34bbb04feb54649bb3cef95ca11c50) Importer(815301076,1909f56bfc062723c751e8b465ee728b)  -> (artifact id: 'b3a63e07c60472b411dc1d1b20f262c6') in 0.008707 seconds 
  Import took 0.013677 seconds .

========================================================================
Received Import Request.
  Time since last request: 0.041661 seconds.
  path: Assets/Fog/fogshader.shadergraph
  artifactKey: Guid(2a34bbb04feb54649bb3cef95ca11c50) Importer(815301076,1909f56bfc062723c751e8b465ee728b)
Start importing Assets/Fog/fogshader.shadergraph using Guid(2a34bbb04feb54649bb3cef95ca11c50) Importer(815301076,1909f56bfc062723c751e8b465ee728b)  -> (artifact id: 'b3a63e07c60472b411dc1d1b20f262c6') in 0.004014 seconds 
  Import took 0.009873 seconds .

========================================================================
Received Import Request.
  Time since last request: 66.389613 seconds.
  path: Assets/Cube/Cube.prefab
  artifactKey: Guid(2ab489f1d83cc6b4fa5c252b701c60af) Importer(815301076,1909f56bfc062723c751e8b465ee728b)
Start importing Assets/Cube/Cube.prefab using Guid(2ab489f1d83cc6b4fa5c252b701c60af) Importer(815301076,1909f56bfc062723c751e8b465ee728b)  -> (artifact id: 'a74c177bb0c42788d1269813570ef74f') in 0.019669 seconds 
  Import took 0.024716 seconds .

========================================================================
Received Import Request.
  Time since last request: 0.000249 seconds.
  path: Assets/Cube/fogplane.prefab
  artifactKey: Guid(638304e5172f31b43a22d56ece3e6fb7) Importer(815301076,1909f56bfc062723c751e8b465ee728b)
Start importing Assets/Cube/fogplane.prefab using Guid(638304e5172f31b43a22d56ece3e6fb7) Importer(815301076,1909f56bfc062723c751e8b465ee728b)  -> (artifact id: '870861f4dccad4995591dce0f0d16994') in 0.020299 seconds 
  Import took 0.025607 seconds .

========================================================================
Received Import Request.
  Time since last request: 53.464280 seconds.
  path: Assets/Scenes
  artifactKey: Guid(08eb48437fe83754b8cb0e4c555a9a0f) Importer(815301076,1909f56bfc062723c751e8b465ee728b)
Start importing Assets/Scenes using Guid(08eb48437fe83754b8cb0e4c555a9a0f) Importer(815301076,1909f56bfc062723c751e8b465ee728b)  -> (artifact id: '755ccb45ef7132e9a4efce794ab40f72') in 0.007522 seconds 
  Import took 0.013487 seconds .

========================================================================
Received Import Request.
  Time since last request: 5.478334 seconds.
  path: Assets/Shader Graphs/subgraphs/cloud-marks.png
  artifactKey: Guid(f9949ebd57eb6f6489f184f7ecd0ba72) Importer(815301076,1909f56bfc062723c751e8b465ee728b)
Start importing Assets/Shader Graphs/subgraphs/cloud-marks.png using Guid(f9949ebd57eb6f6489f184f7ecd0ba72) Importer(815301076,1909f56bfc062723c751e8b465ee728b)  -> (artifact id: '541b40b5e384dab1f9aa734f589a8aa5') in 0.022577 seconds 
  Import took 0.027870 seconds .

========================================================================
Received Import Request.
  Time since last request: 0.000950 seconds.
  path: Assets/Shader Graphs/subgraphs/cloud-marks.png
  artifactKey: Guid(f9949ebd57eb6f6489f184f7ecd0ba72) Importer(815301076,1909f56bfc062723c751e8b465ee728b)
Start importing Assets/Shader Graphs/subgraphs/cloud-marks.png using Guid(f9949ebd57eb6f6489f184f7ecd0ba72) Importer(815301076,1909f56bfc062723c751e8b465ee728b)  -> (artifact id: '541b40b5e384dab1f9aa734f589a8aa5') in 0.012765 seconds 
  Import took 0.018101 seconds .

========================================================================
Received Import Request.
  Time since last request: 514.820160 seconds.
  path: Assets
  artifactKey: Guid(00000000000000001000000000000000) Importer(815301076,1909f56bfc062723c751e8b465ee728b)
Start importing Assets using Guid(00000000000000001000000000000000) Importer(815301076,1909f56bfc062723c751e8b465ee728b)  -> (artifact id: '42d402b061de3733987d63b9cc3b64de') in 0.006807 seconds 
  Import took 0.011422 seconds .

========================================================================
Received Import Request.
  Time since last request: 5.526037 seconds.
  path: Assets/FMODBanks
  artifactKey: Guid(4589a02bcafbe554d98f9833026594a9) Importer(815301076,1909f56bfc062723c751e8b465ee728b)
Start importing Assets/FMODBanks using Guid(4589a02bcafbe554d98f9833026594a9) Importer(815301076,1909f56bfc062723c751e8b465ee728b)  -> (artifact id: '69a9938345d77eefa410f8620af3c41e') in 0.006931 seconds 
  Import took 0.011100 seconds .

========================================================================
Received Import Request.
  Time since last request: 229.820979 seconds.
  path: Assets/FMODBanks/Desktop
  artifactKey: Guid(9ab129257cc1e3a43bf5fc01a540b2a0) Importer(815301076,1909f56bfc062723c751e8b465ee728b)
Start importing Assets/FMODBanks/Desktop using Guid(9ab129257cc1e3a43bf5fc01a540b2a0) Importer(815301076,1909f56bfc062723c751e8b465ee728b)  -> (artifact id: '5104a88c243ae94bf17fc12daf925289') in 0.006971 seconds 
  Import took 0.012105 seconds .

========================================================================
Received Import Request.
  Time since last request: 5.244188 seconds.
  path: Assets/FMODBanks/Desktop/Master.bank
  artifactKey: Guid(f1390e6a8bb452e499a621aef8f3d1d9) Importer(815301076,1909f56bfc062723c751e8b465ee728b)
Start importing Assets/FMODBanks/Desktop/Master.bank using Guid(f1390e6a8bb452e499a621aef8f3d1d9) Importer(815301076,1909f56bfc062723c751e8b465ee728b)  -> (artifact id: 'e7a7e75c66a225c09d0809a00029e6cf') in 0.008998 seconds 
  Import took 0.014019 seconds .

========================================================================
Received Import Request.
  Time since last request: 50.927283 seconds.
  path: Packages/com.unity.collab-proxy
  artifactKey: Guid(1adad61bfb44214ee3e887b5febc4396) Importer(815301076,1909f56bfc062723c751e8b465ee728b)
Start importing Packages/com.unity.collab-proxy using Guid(1adad61bfb44214ee3e887b5febc4396) Importer(815301076,1909f56bfc062723c751e8b465ee728b)  -> (artifact id: '7837b352734e5da8176d6703b10e0397') in 0.007927 seconds 
  Import took 0.012866 seconds .

========================================================================
Received Import Request.
  Time since last request: 0.456540 seconds.
  path: Packages/com.unity.render-pipelines.universal
  artifactKey: Guid(87f3e00faee74b02e6227b1c727beb50) Importer(815301076,1909f56bfc062723c751e8b465ee728b)
Start importing Packages/com.unity.render-pipelines.universal using Guid(87f3e00faee74b02e6227b1c727beb50) Importer(815301076,1909f56bfc062723c751e8b465ee728b)  -> (artifact id: '2a08795c2ff7aa8a59dc34e295bc15f9') in 0.006771 seconds 
  Import took 0.011683 seconds .

========================================================================
Received Import Request.
  Time since last request: 0.566616 seconds.
  path: Packages/com.unity.timeline
  artifactKey: Guid(a4610cf559d77b9f256416d9ccaeac55) Importer(815301076,1909f56bfc062723c751e8b465ee728b)
Start importing Packages/com.unity.timeline using Guid(a4610cf559d77b9f256416d9ccaeac55) Importer(815301076,1909f56bfc062723c751e8b465ee728b)  -> (artifact id: 'faf0c4e2b16555589375b70b30cdb036') in 0.007493 seconds 
  Import took 0.013259 seconds .

========================================================================
Received Import Request.
  Time since last request: 300.860238 seconds.
  path: Assets/Plugins/FMOD/Resources/FMODStudioSettings.asset
  artifactKey: Guid(3ffbb56c263081842b1dc418f66d774b) Importer(815301076,1909f56bfc062723c751e8b465ee728b)
Start importing Assets/Plugins/FMOD/Resources/FMODStudioSettings.asset using Guid(3ffbb56c263081842b1dc418f66d774b) Importer(815301076,1909f56bfc062723c751e8b465ee728b)  -> (artifact id: '0c1dbd421b3f29bc40b908f7b0eeeeaf') in 0.038157 seconds 
  Import took 0.043428 seconds .

========================================================================
Received Import Request.
  Time since last request: 30.821136 seconds.
  path: Assets/Plugins/FMOD/Resources/FMODStudioSettings.asset
  artifactKey: Guid(3ffbb56c263081842b1dc418f66d774b) Importer(815301076,1909f56bfc062723c751e8b465ee728b)
Start importing Assets/Plugins/FMOD/Resources/FMODStudioSettings.asset using Guid(3ffbb56c263081842b1dc418f66d774b) Importer(815301076,1909f56bfc062723c751e8b465ee728b) ArgumentException: An item with the same key has already been added. Key: StandaloneWindows
  at System.Collections.Generic.Dictionary`2[TKey,TValue].TryInsert (TKey key, TValue value, System.Collections.Generic.InsertionBehavior behavior) [0x000c1] in <695d1cc93cca45069c528c15c9fdd749>:0 
  at System.Collections.Generic.Dictionary`2[TKey,TValue].Add (TKey key, TValue value) [0x00000] in <695d1cc93cca45069c528c15c9fdd749>:0 
  at FMODUnity.EditorSettings.AddPlatformForBuildTargets (FMODUnity.Platform platform) [0x0001a] in C:\Users\daxte\Desktop\To-The-Horizon\To-The-Horizon\To The Horizon\Assets\Plugins\FMOD\src\Editor\EditorSettings.cs:74 
  at FMODUnity.Settings.LinkPlatform (FMODUnity.Platform platform) [0x00015] in C:\Users\daxte\Desktop\To-The-Horizon\To-The-Horizon\To The Horizon\Assets\Plugins\FMOD\src\Settings.cs:445 
  at FMODUnity.Settings.ForEachPlatform (System.Action`1[T] action) [0x00016] in C:\Users\daxte\Desktop\To-The-Horizon\To-The-Horizon\To The Horizon\Assets\Plugins\FMOD\src\Settings.cs:411 
  at FMODUnity.Settings.OnEnable () [0x00156] in C:\Users\daxte\Desktop\To-The-Horizon\To-The-Horizon\To The Horizon\Assets\Plugins\FMOD\src\Settings.cs:630 

(Filename: Assets/Plugins/FMOD/src/Editor/EditorSettings.cs Line: 74)

 -> (artifact id: 'c94657888b2dec968a08a243dbb503a2') in 0.017892 seconds 
  Import took 0.023092 seconds .

========================================================================
Received Prepare
Registering precompiled user dll's ...
Registered in 0.008132 seconds.
Begin MonoManager ReloadAssembly
Native extension for WindowsStandalone target not found
Refreshing native plugins compatible for Editor in 1.00 ms, found 4 plugins.
Preloading 0 native plugins for Editor in 0.00 ms.
Mono: successfully reloaded assembly
- Completed reload, in  0.974 seconds
Platform modules already initialized, skipping
Shader 'Universal Render Pipeline/Particles/Lit': fallback shader 'Universal Render Pipeline/Particles/SimpleLit' not found
Refreshing native plugins compatible for Editor in 0.88 ms, found 4 plugins.
Preloading 0 native plugins for Editor in 0.00 ms.
Unloading 2710 Unused Serialized files (Serialized files now loaded: 0)
System memory in use before: 126.6 MB.
System memory in use after: 126.8 MB.

Unloading 71 unused Assets to reduce memory usage. Loaded Objects now: 3284.
Total: 2.724200 ms (FindLiveObjects: 0.286200 ms CreateObjectMapping: 0.134100 ms MarkObjects: 2.219600 ms  DeleteObjects: 0.083200 ms)

AssetImportParameters requested are different than current active one (requested -> active):
  custom:framework-win-MediaFoundation: 216162199b28c13a410421893ffa2e32 -> 
  custom:video-decoder-ogg-theora: a1e56fd34408186e4bbccfd4996cb3dc -> 
  custom:container-muxer-webm: aa71ff27fc2769a1b78a27578f13a17b -> 
  custom:container-demuxer-webm: 4f35f7cbe854078d1ac9338744f61a02 -> 
  custom:container-demuxer-ogg: 62fdf1f143b41e24485cea50d1cbac27 -> 
  custom:video-encoder-webm-vp8: eb34c28f22e8b96e1ab97ce403110664 -> 
  custom:video-decoder-webm-vp8: 9c59270c3fd7afecdb556c50c9e8de78 -> 
  custom:audio-decoder-ogg-vorbis: bf7c407c2cedff20999df2af8eb42d56 -> 
  custom:audio-encoder-webm-vorbis: bf7c407c2cedff20999df2af8eb42d56 -> 
========================================================================
Received Import Request.
  Time since last request: 102.496344 seconds.
  path: Assets/Plugins/FMOD/Resources/FMODStudioSettings.asset
  artifactKey: Guid(3ffbb56c263081842b1dc418f66d774b) Importer(815301076,1909f56bfc062723c751e8b465ee728b)
Start importing Assets/Plugins/FMOD/Resources/FMODStudioSettings.asset using Guid(3ffbb56c263081842b1dc418f66d774b) Importer(815301076,1909f56bfc062723c751e8b465ee728b)  -> (artifact id: 'bafd90ed150e1fa59fa41801dae53bf3') in 0.045839 seconds 
  Import took 0.050085 seconds .

========================================================================
Received Prepare
Registering precompiled user dll's ...
Registered in 0.007400 seconds.
Begin MonoManager ReloadAssembly
Native extension for WindowsStandalone target not found
Refreshing native plugins compatible for Editor in 0.88 ms, found 4 plugins.
Preloading 0 native plugins for Editor in 0.00 ms.
Mono: successfully reloaded assembly
- Completed reload, in  0.932 seconds
Platform modules already initialized, skipping
Shader 'Universal Render Pipeline/Particles/Lit': fallback shader 'Universal Render Pipeline/Particles/SimpleLit' not found
Refreshing native plugins compatible for Editor in 1.11 ms, found 4 plugins.
Preloading 0 native plugins for Editor in 0.00 ms.
Unloading 2709 Unused Serialized files (Serialized files now loaded: 0)
System memory in use before: 126.5 MB.
System memory in use after: 126.7 MB.

Unloading 70 unused Assets to reduce memory usage. Loaded Objects now: 3287.
Total: 2.991500 ms (FindLiveObjects: 0.338400 ms CreateObjectMapping: 0.141400 ms MarkObjects: 2.436200 ms  DeleteObjects: 0.074500 ms)

AssetImportParameters requested are different than current active one (requested -> active):
  custom:framework-win-MediaFoundation: 216162199b28c13a410421893ffa2e32 -> 
  custom:video-decoder-ogg-theora: a1e56fd34408186e4bbccfd4996cb3dc -> 
  custom:container-muxer-webm: aa71ff27fc2769a1b78a27578f13a17b -> 
  custom:container-demuxer-webm: 4f35f7cbe854078d1ac9338744f61a02 -> 
  custom:container-demuxer-ogg: 62fdf1f143b41e24485cea50d1cbac27 -> 
  custom:video-encoder-webm-vp8: eb34c28f22e8b96e1ab97ce403110664 -> 
  custom:video-decoder-webm-vp8: 9c59270c3fd7afecdb556c50c9e8de78 -> 
  custom:audio-decoder-ogg-vorbis: bf7c407c2cedff20999df2af8eb42d56 -> 
  custom:audio-encoder-webm-vorbis: bf7c407c2cedff20999df2af8eb42d56 -> 
AssetImportWorkerClient::OnTransportError - code=2 error=End of file
